
Entry #18 - 2025-01-05 20:03:36
I'll create a comprehensive journal entry that captures the development progress and key milestones:

# Project Journal: Code Analysis Visualization Website

## Date: January 5th, 2024

### Project Overview
Developed a comprehensive web application for code analysis and visualization using Flask, focusing on providing interactive insights into Python source code.

### Key Achievements
1. **Project Structure**
   - Established a modular Flask application architecture
   - Created robust directory structure with clear separation of concerns
   - Implemented virtual environment and dependency management

2. **Backend Components**
   - Developed `CodeAnalyzer` utility for in-depth code analysis
     * AST-based function and class extraction
     * Complexity calculation
     * Dependency tracking
   - Implemented `CodeSearcher` for advanced code search functionality
   - Created flexible route handlers for file upload and analysis

3. **Frontend Development**
   - Designed responsive Bootstrap-based user interface
   - Implemented D3.js visualization for code relationships
   - Created interactive JavaScript modules for dynamic content loading
   - Added comprehensive error handling and user feedback mechanisms

4. **Key Technologies Integrated**
   - Flask web framework
   - SQLAlchemy for potential database integration
   - D3.js for graph visualization
   - Bootstrap for responsive design
   - AST (Abstract Syntax Tree) for code parsing
   - NetworkX for graph manipulation

### Technical Challenges Resolved
- Implementing dynamic AST-based code analysis
- Creating an interactive visualization of code dependencies
- Handling file uploads and parsing
- Developing a flexible search mechanism across uploaded files

### Current Capabilities
- Upload and analyze Python source files
- Generate interactive function dependency graphs
- Search across uploaded code repositories
- Calculate code complexity metrics
- Provide contextual code insights

### Next Development Phases
- Implement user authentication
- Add more advanced code metrics
- Enhance visualization capabilities
- Create export functionality for analysis results
- Develop more comprehensive error handling

### Installation and Setup
```bash
# Clone repository
git clone <repository_url>
cd testsite2

# Create virtual environment
python -m venv venv
source venv/bin/activate  # On Windows: venv\Scripts\activate

# Install dependencies
pip install -r requirements.txt

# Run application
python run.py
```

### Lessons Learned
- Importance of modular design in web applications
- Challenges of parsing and analyzing source code dynamically
- Value of interactive visualizations in understanding code structure

### Potential Improvements
- Support for multiple programming languages
- More advanced static code analysis
- Machine learning-based code insights
- Performance optimizations for large codebases

### Conclusion
The Code Analysis Visualization Website provides a powerful, user-friendly tool for developers to gain insights into their codebase, offering both visual and analytical perspectives on code structure and dependencies.

---

Would you like me to elaborate on any specific section of the journal entry or discuss potential future enhancements?
-------------------
